\BOOKMARK [1][-]{section*.2}{\376\377\004\022\004\025\004\024\004\025\004\035\004\030\004\025\000\040}{}% 1
\BOOKMARK [1][-]{section*.3}{\376\377\000\040\0001\000.\000\040\004\036\004\021\004\051\004\020\004\057\000\040\004\030\004\035\004\044\004\036\004\040\004\034\004\020\004\046\004\030\004\057\000\040\004\036\004\021\000\040\004\020\004\032\004\046\004\030\004\057\004\045\000,\000\040\004\034\004\025\004\042\004\036\004\024\004\053\000\040\004\040\004\020\004\027\004\040\004\020\004\021\004\036\004\042\004\032\004\030\000\040\004\037\004\040\004\030\004\033\004\036\004\026\004\025\004\035\004\030\004\031\000,\000\040\004\036\004\021\004\040\004\020\004\021\004\036\004\042\004\032\004\020\000\040\004\030\004\035\004\044\004\036\004\040\004\034\004\020\004\046\004\030\004\030\000\040}{}% 2
\BOOKMARK [1][-]{section.1.1}{\376\377\004\030\004\075\004\104\004\076\004\100\004\074\004\060\004\106\004\070\004\117\000\040\004\076\004\061\000\040\004\060\004\072\004\106\004\070\004\117\004\105}{}% 3
\BOOKMARK [2][-]{subsection.1.1.1}{\376\377\004\032\004\060\004\102\004\065\004\063\004\076\004\100\004\070\004\070\000\040\004\060\004\072\004\106\004\070\004\071}{section.1.1}% 4
\BOOKMARK [2][-]{subsection.1.1.2}{\376\377\004\041\004\102\004\076\004\070\004\074\004\076\004\101\004\102\004\114\000\040\004\060\004\072\004\106\004\070\004\071}{section.1.1}% 5
\BOOKMARK [1][-]{section.1.2}{\376\377\004\036\004\061\004\111\004\070\004\065\000\040\004\101\004\062\004\065\004\064\004\065\004\075\004\070\004\117\000\040\004\076\000\040\004\061\004\070\004\100\004\066\004\060\004\105}{}% 6
\BOOKMARK [1][-]{section.1.3}{\376\377\004\022\004\113\004\061\004\076\004\100\000\040\004\101\004\100\004\065\004\064\004\101\004\102\004\062\000\040\004\100\004\060\004\067\004\100\004\060\004\061\004\076\004\102\004\072\004\070}{}% 7
\BOOKMARK [2][-]{subsection.1.3.1}{\376\377\004\057\004\067\004\113\004\072\000\040\000C\000\043\000,\000\040\004\077\004\073\004\060\004\102\004\104\004\076\004\100\004\074\004\060\000\040\000.\000N\000e\000t\000\040\000F\000r\000a\000m\000e\000w\000o\000r\000k}{section.1.3}% 8
\BOOKMARK [2][-]{subsection.1.3.2}{\376\377\004\021\004\070\004\061\004\073\004\070\004\076\004\102\004\065\004\072\004\070}{section.1.3}% 9
\BOOKMARK [2][-]{subsection.1.3.3}{\376\377\004\041\004\070\004\101\004\102\004\065\004\074\004\060\000\040\004\072\004\076\004\075\004\102\004\100\004\076\004\073\004\117\000\040\004\062\004\065\004\100\004\101\004\070\004\071\000\040\000G\000i\000t}{section.1.3}% 10
\BOOKMARK [1][-]{section.1.4}{\376\377\004\022\004\113\004\062\004\076\004\064\004\113\000\040\004\077\004\076\000\040\004\100\004\060\004\067\004\064\004\065\004\073\004\103}{}% 11
\BOOKMARK [1][-]{section*.5}{\376\377\000\040\0002\000.\000\040\004\040\004\020\004\027\004\040\004\020\004\021\004\036\004\042\004\032\004\020\000\040\004\037\004\040\004\030\004\033\004\036\004\026\004\025\004\035\004\030\004\057\000\040}{}% 12
\BOOKMARK [1][-]{section.2.1}{\376\377\004\035\004\060\004\077\004\070\004\101\004\060\004\075\004\070\004\065\000\040\004\060\004\073\004\063\004\076\004\100\004\070\004\102\004\074\004\060\000\040\004\100\004\060\004\061\004\076\004\102\004\113\000\040\004\077\004\100\004\076\004\063\004\100\004\060\004\074\004\074\004\113}{}% 13
\BOOKMARK [2][-]{subsection.2.1.1}{\376\377\004\037\004\100\004\076\004\065\004\072\004\102\004\070\004\100\004\076\004\062\004\060\004\075\004\070\004\065\000\040\004\062\004\075\004\103\004\102\004\100\004\065\004\075\004\075\004\065\004\071\000\040\004\101\004\102\004\100\004\103\004\072\004\102\004\103\004\100\004\113\000,\000\040\004\077\004\100\004\070\004\074\004\065\004\075\004\065\004\075\004\070\004\065\000\040\004\077\004\060\004\102\004\102\004\065\004\100\004\075\004\076\004\062\000\040\004\100\004\060\004\067\004\100\004\060\004\061\004\076\004\102\004\072\004\070}{section.2.1}% 14
\BOOKMARK [2][-]{subsection.2.1.2}{\376\377\004\040\004\060\004\067\004\100\004\060\004\061\004\076\004\102\004\072\004\060\000\040\004\060\004\075\004\060\004\073\004\070\004\102\004\070\004\107\004\065\004\101\004\072\004\070\004\105\000\040\004\074\004\076\004\064\004\103\004\073\004\065\004\071}{section.2.1}% 15
\BOOKMARK [1][-]{section.2.2}{\376\377\004\040\004\060\004\067\004\100\004\060\004\061\004\076\004\102\004\072\004\060\000\040\004\077\004\076\004\073\004\114\004\067\004\076\004\062\004\060\004\102\004\065\004\073\004\114\004\101\004\072\004\076\004\063\004\076\000\040\004\070\004\075\004\102\004\065\004\100\004\104\004\065\004\071\004\101\004\060}{}% 16
\BOOKMARK [1][-]{section.2.3}{\376\377\004\022\004\113\004\062\004\076\004\064\004\113\000\040\004\077\004\076\000\040\004\100\004\060\004\067\004\064\004\065\004\073\004\103}{}% 17
\BOOKMARK [1][-]{section*.8}{\376\377\000\040\0003\000.\000\040\004\020\004\035\004\020\004\033\004\030\004\027\000\040\004\024\004\020\004\035\004\035\004\053\004\045\000\040}{}% 18
\BOOKMARK [1][-]{section.3.1}{\376\377\004\036\004\061\004\067\004\076\004\100\000\040\004\074\004\065\004\102\004\076\004\064\004\076\004\062\000\040\004\077\004\100\004\076\004\063\004\075\004\076\004\067\004\070\004\100\004\076\004\062\004\060\004\075\004\070\004\117\000\040\004\064\004\060\004\075\004\075\004\113\004\105}{}% 19
\BOOKMARK [2][-]{subsection.3.1.1}{\376\377\004\037\004\100\004\076\004\101\004\102\004\076\004\065\000\040\004\101\004\072\004\076\004\073\004\114\004\067\004\117\004\111\004\065\004\065\000\040\004\101\004\100\004\065\004\064\004\075\004\065\004\065}{section.3.1}% 20
\BOOKMARK [2][-]{subsection.3.1.2}{\376\377\004\020\004\062\004\102\004\076\004\100\004\065\004\063\004\100\004\065\004\101\004\101\004\070\004\076\004\075\004\075\004\076\004\065\000\040\004\101\004\072\004\076\004\073\004\114\004\067\004\117\004\111\004\065\004\065\000\040\004\101\004\100\004\065\004\064\004\075\004\065\004\065}{section.3.1}% 21
\BOOKMARK [1][-]{section.3.2}{\376\377\004\034\004\065\004\102\004\076\004\064\000\040\004\063\004\103\004\101\004\065\004\075\004\070\004\106\004\113}{}% 22
\BOOKMARK [2][-]{subsection.3.2.1}{\376\377\004\040\004\060\004\067\004\062\004\065\004\100\004\102\004\072\004\060\000\040\004\076\004\064\004\075\004\076\004\074\004\065\004\100\004\075\004\076\004\063\004\076\000\040\004\100\004\117\004\064\004\060\000\040\004\062\000\040\004\074\004\075\004\076\004\063\004\076\004\074\004\065\004\100\004\075\004\113\004\071}{section.3.2}% 23
\BOOKMARK [2][-]{subsection.3.2.2}{\376\377\004\020\004\075\004\060\004\073\004\070\004\067\000\040\004\063\004\073\004\060\004\062\004\075\004\113\004\105\000\040\004\072\004\076\004\074\004\077\004\076\004\075\004\065\004\075\004\102\000:\000\040\004\101\004\070\004\075\004\063\004\103\004\073\004\117\004\100\004\075\004\076\004\065\000\040\004\100\004\060\004\067\004\073\004\076\004\066\004\065\004\075\004\070\004\065\000\040\004\062\004\113\004\061\004\076\004\100\004\076\004\107\004\075\004\076\004\071\000\040\004\072\004\076\004\062\004\060\004\100\004\070\004\060\004\106\004\070\004\076\004\075\004\075\004\076\004\071\000\040\004\074\004\060\004\102\004\100\004\070\004\106\004\113}{section.3.2}% 24
\BOOKMARK [2][-]{subsection.3.2.3}{\376\377\004\036\004\102\004\061\004\076\004\100\000\040\004\063\004\073\004\060\004\062\004\075\004\113\004\105\000\040\004\072\004\076\004\074\004\077\004\076\004\075\004\065\004\075\004\102}{section.3.2}% 25
\BOOKMARK [2][-]{subsection.3.2.4}{\376\377\004\022\004\076\004\101\004\101\004\102\004\060\004\075\004\076\004\062\004\073\004\065\004\075\004\070\004\065\000\040\004\076\004\064\004\075\004\076\004\074\004\065\004\100\004\075\004\076\004\063\004\076\000\040\004\100\004\117\004\064\004\060}{section.3.2}% 26
\BOOKMARK [1][-]{section.3.3}{\376\377\004\040\004\065\004\060\004\073\004\070\004\067\004\060\004\106\004\070\004\117\000\040\004\060\004\075\004\060\004\073\004\070\004\102\004\070\004\107\004\065\004\101\004\072\004\070\004\105\000\040\004\074\004\076\004\064\004\103\004\073\004\065\004\071}{}% 27
\BOOKMARK [2][-]{subsection.3.3.1}{\376\377\004\021\004\073\004\076\004\072\000-\004\101\004\105\004\065\004\074\004\060\000\040\004\060\004\075\004\060\004\073\004\070\004\102\004\070\004\107\004\065\004\101\004\072\004\070\004\105\000\040\004\074\004\076\004\064\004\103\004\073\004\065\004\071}{section.3.3}% 28
\BOOKMARK [2][-]{subsection.3.3.2}{\376\377\004\037\004\100\004\070\004\074\004\065\004\100\000\040\004\100\004\060\004\061\004\076\004\102\004\113\000\040\004\077\004\100\004\076\004\063\004\100\004\060\004\074\004\074\004\113}{section.3.3}% 29
\BOOKMARK [1][-]{section.3.4}{\376\377\004\020\004\075\004\060\004\073\004\070\004\067\000\040\004\101\004\102\004\076\004\070\004\074\004\076\004\101\004\102\004\065\004\071\000\040\004\060\004\072\004\106\004\070\004\071\000\040\000S\000a\000m\000s\000u\000n\000g\000\040\000E\000l\000e\000c\000t\000r\000o\000n\000i\000c\000s\000\040\000C\000o\000.\000\040\004\067\004\060\000\040\0002\0000\0001\0008\000\040\004\063\004\076\004\064}{}% 30
\BOOKMARK [1][-]{section.3.5}{\376\377\004\022\004\113\004\062\004\076\004\064\004\113\000\040\004\077\004\076\000\040\004\100\004\060\004\067\004\064\004\065\004\073\004\103}{}% 31
\BOOKMARK [1][-]{section*.10}{\376\377\000\040\004\041\004\037\004\030\004\041\004\036\004\032\000\040\004\033\004\030\004\042\004\025\004\040\004\020\004\042\004\043\004\040\004\053}{}% 32
