This is pdfTeX, Version 3.1415926-2.5-1.40.14 (MiKTeX 2.9) (preloaded format=pdflatex 2013.12.8)  7 JUN 2019 12:31
entering extended mode
**C:/!repositories/diploma/tex/diploma.tex
(C:/!repositories/diploma/tex/diploma.tex
LaTeX2e <2011/06/27>
Babel <v3.8m> and hyphenation patterns for english, afrikaans, ancientgreek, ar
abic, armenian, assamese, basque, bengali, bokmal, bulgarian, catalan, coptic, 
croatian, czech, danish, dutch, esperanto, estonian, farsi, finnish, french, ga
lician, german, german-x-2013-05-26, greek, gujarati, hindi, hungarian, iceland
ic, indonesian, interlingua, irish, italian, kannada, kurmanji, latin, latvian,
 lithuanian, malayalam, marathi, mongolian, mongolianlmc, monogreek, ngerman, n
german-x-2013-05-26, nynorsk, oriya, panjabi, pinyin, polish, portuguese, roman
ian, russian, sanskrit, serbian, slovak, slovenian, spanish, swedish, swissgerm
an, tamil, telugu, turkish, turkmen, ukenglish, ukrainian, uppersorbian, usengl
ishmax, welsh, loaded.
(C:\Users\Tortopus\Desktop\Full_TeX\texmf\tex\latex\extsizes\extreport.cls
Document Class: extreport 1996/10/08 v1.0 Non Standard LaTeX document class
(C:\Users\Tortopus\Desktop\Full_TeX\texmf\tex\latex\extsizes\size14.clo
File: size14.clo 1999/11/11 v1.4a NON-Standard LaTeX file (size option)
)
(C:\Users\Tortopus\Desktop\Full_TeX\texmf\tex\latex\base\exscale.sty
Package: exscale 2007/10/29 v2.1h Standard LaTeX package exscale
LaTeX Font Info:    Redeclaring symbol font `largesymbols' on input line 52.
LaTeX Font Info:    Overwriting symbol font `largesymbols' in version `normal'
(Font)                  OMX/cmex/m/n --> OMX/cmex/m/n on input line 52.
LaTeX Font Info:    Overwriting symbol font `largesymbols' in version `bold'
(Font)                  OMX/cmex/m/n --> OMX/cmex/m/n on input line 52.
\big@size=\dimen102
)
\c@part=\count79
\c@chapter=\count80
\c@section=\count81
\c@subsection=\count82
\c@subsubsection=\count83
\c@paragraph=\count84
\c@subparagraph=\count85
\c@figure=\count86
\c@table=\count87
\abovecaptionskip=\skip41
\belowcaptionskip=\skip42
\bibindent=\dimen103
)
(C:\Users\Tortopus\Desktop\Full_TeX\texmf\tex\latex\base\inputenc.sty
Package: inputenc 2008/03/30 v1.1d Input encoding file
\inpenc@prehook=\toks14
\inpenc@posthook=\toks15

(C:\Users\Tortopus\Desktop\Full_TeX\texmf\tex\latex\cyrillic\cp1251.def
File: cp1251.def 1999/11/16 v1.0d Input encoding file
))
(C:\Users\Tortopus\Desktop\Full_TeX\texmf\tex\generic\babel\babel.sty
Package: babel 2008/07/08 v3.8m The Babel package

*************************************
* Local config file bblopts.cfg used
*
(C:\Users\Tortopus\Desktop\Full_TeX\texmf\tex\latex\00miktex\bblopts.cfg
File: bblopts.cfg 2006/07/31 v1.0 MiKTeX 'babel' configuration
)
(C:\Users\Tortopus\Desktop\Full_TeX\texmf\tex\generic\babel\english.ldf
Language: english 2005/03/30 v3.3o English support from the babel system

(C:\Users\Tortopus\Desktop\Full_TeX\texmf\tex\generic\babel\babel.def
File: babel.def 2008/07/08 v3.8m Babel common definitions
\babel@savecnt=\count88
\U@D=\dimen104
)
\l@canadian = a dialect from \language\l@american 
\l@australian = a dialect from \language\l@british 
\l@newzealand = a dialect from \language\l@british 
)
(C:\Users\Tortopus\Desktop\Full_TeX\texmf\tex\generic\babel\russianb.ldf
Language: russianb 2008/03/21 v1.1r Russian support from the babel system

(C:\Users\Tortopus\Desktop\Full_TeX\texmf\tex\latex\cyrillic\t2aenc.def
File: t2aenc.def 2005/09/27 v1.0i Cyrillic encoding definition file
)
Package babel Info: Making " an active character on input line 199.
))
(C:\!repositories\diploma\tex\DiplomaSUSU.sty
(C:\Users\Tortopus\Desktop\Full_TeX\texmf\tex\latex\geometry\geometry.sty
Package: geometry 2010/09/12 v5.6 Page Geometry

(C:\Users\Tortopus\Desktop\Full_TeX\texmf\tex\latex\graphics\keyval.sty
Package: keyval 1999/03/16 v1.13 key=value parser (DPC)
\KV@toks@=\toks16
)
(C:\Users\Tortopus\Desktop\Full_TeX\texmf\tex\generic\oberdiek\ifpdf.sty
Package: ifpdf 2011/01/30 v2.3 Provides the ifpdf switch (HO)
Package ifpdf Info: pdfTeX in PDF mode is detected.
)
(C:\Users\Tortopus\Desktop\Full_TeX\texmf\tex\generic\oberdiek\ifvtex.sty
Package: ifvtex 2010/03/01 v1.5 Detect VTeX and its facilities (HO)
Package ifvtex Info: VTeX not detected.
)
(C:\Users\Tortopus\Desktop\Full_TeX\texmf\tex\generic\ifxetex\ifxetex.sty
Package: ifxetex 2010/09/12 v0.6 Provides ifxetex conditional
)
\Gm@cnth=\count89
\Gm@cntv=\count90
\c@Gm@tempcnt=\count91
\Gm@bindingoffset=\dimen105
\Gm@wd@mp=\dimen106
\Gm@odd@mp=\dimen107
\Gm@even@mp=\dimen108
\Gm@layoutwidth=\dimen109
\Gm@layoutheight=\dimen110
\Gm@layouthoffset=\dimen111
\Gm@layoutvoffset=\dimen112
\Gm@dimlist=\toks17

(C:\Users\Tortopus\Desktop\Full_TeX\texmf\tex\latex\geometry\geometry.cfg))
(C:\Users\Tortopus\Desktop\Full_TeX\texmf\tex\latex\tools\indentfirst.sty
Package: indentfirst 1995/11/23 v1.03 Indent first paragraph (DPC)
)
\c@defn=\count92
\c@lem=\count93
\c@teo=\count94
\c@cor=\count95
\c@pr=\count96
\c@rem=\count97
\c@ex=\count98

(C:\Users\Tortopus\Desktop\Full_TeX\texmf\tex\latex\t2\misccorr.sty
Package: misccorr 1999/09/23 v0.1 misc corrections for russian typesetting

(C:\Users\Tortopus\Desktop\Full_TeX\texmf\tex\latex\amsfonts\amssymb.sty
Package: amssymb 2013/01/14 v3.01 AMS font symbols

(C:\Users\Tortopus\Desktop\Full_TeX\texmf\tex\latex\amsfonts\amsfonts.sty
Package: amsfonts 2013/01/14 v3.01 Basic AMSFonts support
\@emptytoks=\toks18
\symAMSa=\mathgroup4
\symAMSb=\mathgroup5
LaTeX Font Info:    Overwriting math alphabet `\mathfrak' in version `bold'
(Font)                  U/euf/m/n --> U/euf/b/n on input line 106.
))
(C:\Users\Tortopus\Desktop\Full_TeX\texmf\tex\latex\tools\enumerate.sty
Package: enumerate 1999/03/05 v3.00 enumerate extensions (DPC)
\@enLab=\toks19
)
\c@rlistctr=\count99
)
\c@smlist=\count100

(C:\!repositories\diploma\tex\enumitem.sty
Package: enumitem 2019/02/04 v3.8 Customized lists
\labelindent=\skip43
\enit@outerparindent=\dimen113
\enit@toks=\toks20
\enit@inbox=\box26
\enit@count@id=\count101
\enitdp@description=\count102
)
(C:\Users\Tortopus\Desktop\Full_TeX\texmf\tex\latex\amsmath\amsmath.sty
Package: amsmath 2013/01/14 v2.14 AMS math features
\@mathmargin=\skip44

For additional information on amsmath, use the `?' option.
(C:\Users\Tortopus\Desktop\Full_TeX\texmf\tex\latex\amsmath\amstext.sty
Package: amstext 2000/06/29 v2.01

(C:\Users\Tortopus\Desktop\Full_TeX\texmf\tex\latex\amsmath\amsgen.sty
File: amsgen.sty 1999/11/30 v2.0
\@emptytoks=\toks21
\ex@=\dimen114
))
(C:\Users\Tortopus\Desktop\Full_TeX\texmf\tex\latex\amsmath\amsbsy.sty
Package: amsbsy 1999/11/29 v1.2d
\pmbraise@=\dimen115
)
(C:\Users\Tortopus\Desktop\Full_TeX\texmf\tex\latex\amsmath\amsopn.sty
Package: amsopn 1999/12/14 v2.01 operator names
)
\inf@bad=\count103
LaTeX Info: Redefining \frac on input line 210.
\uproot@=\count104
\leftroot@=\count105
LaTeX Info: Redefining \overline on input line 306.
\classnum@=\count106
\DOTSCASE@=\count107
LaTeX Info: Redefining \ldots on input line 378.
LaTeX Info: Redefining \dots on input line 381.
LaTeX Info: Redefining \cdots on input line 466.
\Mathstrutbox@=\box27
\strutbox@=\box28
\big@size=\dimen116
LaTeX Font Info:    Redeclaring font encoding OML on input line 566.
LaTeX Font Info:    Redeclaring font encoding OMS on input line 567.
\macc@depth=\count108
\c@MaxMatrixCols=\count109
\dotsspace@=\muskip10
\c@parentequation=\count110
\dspbrk@lvl=\count111
\tag@help=\toks22
\row@=\count112
\column@=\count113
\maxfields@=\count114
\andhelp@=\toks23
\eqnshift@=\dimen117
\alignsep@=\dimen118
\tagshift@=\dimen119
\tagwidth@=\dimen120
\totwidth@=\dimen121
\lineht@=\dimen122
\@envbody=\toks24
\multlinegap=\skip45
\multlinetaggap=\skip46
\mathdisplay@stack=\toks25
LaTeX Info: Redefining \[ on input line 2665.
LaTeX Info: Redefining \] on input line 2666.
)
(C:\Users\Tortopus\Desktop\Full_TeX\texmf\tex\latex\graphics\epsfig.sty
Package: epsfig 1999/02/16 v1.7a (e)psfig emulation (SPQR)

(C:\Users\Tortopus\Desktop\Full_TeX\texmf\tex\latex\graphics\graphicx.sty
Package: graphicx 1999/02/16 v1.0f Enhanced LaTeX Graphics (DPC,SPQR)

(C:\Users\Tortopus\Desktop\Full_TeX\texmf\tex\latex\graphics\graphics.sty
Package: graphics 2009/02/05 v1.0o Standard LaTeX Graphics (DPC,SPQR)

(C:\Users\Tortopus\Desktop\Full_TeX\texmf\tex\latex\graphics\trig.sty
Package: trig 1999/03/16 v1.09 sin cos tan (DPC)
)
(C:\Users\Tortopus\Desktop\Full_TeX\texmf\tex\latex\00miktex\graphics.cfg
File: graphics.cfg 2007/01/18 v1.5 graphics configuration of teTeX/TeXLive
)
Package graphics Info: Driver file: pdftex.def on input line 91.

(C:\Users\Tortopus\Desktop\Full_TeX\texmf\tex\latex\pdftex-def\pdftex.def
File: pdftex.def 2011/05/27 v0.06d Graphics/color for pdfTeX

(C:\Users\Tortopus\Desktop\Full_TeX\texmf\tex\generic\oberdiek\infwarerr.sty
Package: infwarerr 2010/04/08 v1.3 Providing info/warning/error messages (HO)
)
(C:\Users\Tortopus\Desktop\Full_TeX\texmf\tex\generic\oberdiek\ltxcmds.sty
Package: ltxcmds 2011/11/09 v1.22 LaTeX kernel commands for general use (HO)
)
\Gread@gobject=\count115
))
\Gin@req@height=\dimen123
\Gin@req@width=\dimen124
)
\epsfxsize=\dimen125
\epsfysize=\dimen126
) (C:\Users\Tortopus\Desktop\Full_TeX\texmf\tex\latex\epsf\epsf.sty
This is `epsf.tex' v2.7.4 <14 February 2011>
\epsffilein=\read1
\epsfframemargin=\dimen127
\epsfframethickness=\dimen128
\epsfrsize=\dimen129
\epsftmp=\dimen130
\epsftsize=\dimen131
\epsfxsize=\dimen132
\epsfysize=\dimen133
\pspoints=\dimen134
) (C:\Users\Tortopus\Desktop\Full_TeX\texmf\tex\latex\oberdiek\epstopdf.sty
Package: epstopdf 2010/02/09 v2.5 Conversion with epstopdf on the fly (HO)

(C:\Users\Tortopus\Desktop\Full_TeX\texmf\tex\latex\oberdiek\epstopdf-base.sty
Package: epstopdf-base 2010/02/09 v2.5 Base part for package epstopdf

(C:\Users\Tortopus\Desktop\Full_TeX\texmf\tex\latex\oberdiek\grfext.sty
Package: grfext 2010/08/19 v1.1 Manage graphics extensions (HO)

(C:\Users\Tortopus\Desktop\Full_TeX\texmf\tex\generic\oberdiek\kvdefinekeys.sty
Package: kvdefinekeys 2011/04/07 v1.3 Define keys (HO)
)) (C:\Users\Tortopus\Desktop\Full_TeX\texmf\tex\latex\oberdiek\kvoptions.sty
Package: kvoptions 2011/06/30 v3.11 Key value format for package options (HO)

(C:\Users\Tortopus\Desktop\Full_TeX\texmf\tex\generic\oberdiek\kvsetkeys.sty
Package: kvsetkeys 2012/04/25 v1.16 Key value parser (HO)

(C:\Users\Tortopus\Desktop\Full_TeX\texmf\tex\generic\oberdiek\etexcmds.sty
Package: etexcmds 2011/02/16 v1.5 Avoid name clashes with e-TeX commands (HO)

(C:\Users\Tortopus\Desktop\Full_TeX\texmf\tex\generic\oberdiek\ifluatex.sty
Package: ifluatex 2010/03/01 v1.3 Provides the ifluatex switch (HO)
Package ifluatex Info: LuaTeX not detected.
)
Package etexcmds Info: Could not find \expanded.
(etexcmds)             That can mean that you are not using pdfTeX 1.50 or
(etexcmds)             that some package has redefined \expanded.
(etexcmds)             In the latter case, load this package earlier.
))) (C:\Users\Tortopus\Desktop\Full_TeX\texmf\tex\generic\oberdiek\pdftexcmds.s
ty
Package: pdftexcmds 2011/11/29 v0.20 Utility functions of pdfTeX for LuaTeX (HO
)
Package pdftexcmds Info: LuaTeX not detected.
Package pdftexcmds Info: \pdf@primitive is available.
Package pdftexcmds Info: \pdf@ifprimitive is available.
Package pdftexcmds Info: \pdfdraftmode found.
)
Package grfext Info: Graphics extension search list:
(grfext)             [.png,.pdf,.jpg,.mps,.jpeg,.jbig2,.jb2,.PNG,.PDF,.JPG,.JPE
G,.JBIG2,.JB2,.eps]
(grfext)             \AppendGraphicsExtensions on input line 452.
)) (C:\Users\Tortopus\Desktop\Full_TeX\texmf\tex\latex\caption\caption.sty
Package: caption 2013/05/02 v3.3-89 Customizing captions (AR)

(C:\Users\Tortopus\Desktop\Full_TeX\texmf\tex\latex\caption\caption3.sty
Package: caption3 2013/05/02 v1.6-88 caption3 kernel (AR)
Package caption3 Info: TeX engine: e-TeX on input line 57.
\captionmargin=\dimen135
\captionmargin@=\dimen136
\captionwidth=\dimen137
\caption@tempdima=\dimen138
\caption@indent=\dimen139
\caption@parindent=\dimen140
\caption@hangindent=\dimen141
Package caption Info: Unknown document class (or package),
(caption)             standard defaults will be used.
)

Package caption Warning: Unsupported document class (or package) detected,
(caption)                usage of the caption package is not recommended.
See the caption package documentation for explanation.

Package caption Info: \@makecaption = \long macro:#1#2->\vskip \abovecaptionski
p \sbox \@tempboxa {#1. #2}\ifdim \wd \@tempboxa >\hsize #1. #2\par \else \glob
al \@minipagefalse \hb@xt@ \hsize {\hfil \box \@tempboxa \hfil }\fi \vskip \bel
owcaptionskip .
\c@ContinuedFloat=\count116
) (C:\Users\Tortopus\Desktop\Full_TeX\texmf\tex\latex\hyperref\hyperref.sty
Package: hyperref 2012/11/06 v6.83m Hypertext links for LaTeX

(C:\Users\Tortopus\Desktop\Full_TeX\texmf\tex\generic\oberdiek\hobsub-hyperref.
sty
Package: hobsub-hyperref 2012/04/25 v1.12 Bundle oberdiek, subset hyperref (HO)


(C:\Users\Tortopus\Desktop\Full_TeX\texmf\tex\generic\oberdiek\hobsub-generic.s
ty
Package: hobsub-generic 2012/04/25 v1.12 Bundle oberdiek, subset generic (HO)
Package: hobsub 2012/04/25 v1.12 Construct package bundles (HO)
Package hobsub Info: Skipping package `infwarerr' (already loaded).
Package hobsub Info: Skipping package `ltxcmds' (already loaded).
Package hobsub Info: Skipping package `ifluatex' (already loaded).
Package hobsub Info: Skipping package `ifvtex' (already loaded).
Package: intcalc 2007/09/27 v1.1 Expandable calculations with integers (HO)
Package hobsub Info: Skipping package `ifpdf' (already loaded).
Package hobsub Info: Skipping package `etexcmds' (already loaded).
Package hobsub Info: Skipping package `kvsetkeys' (already loaded).
Package hobsub Info: Skipping package `kvdefinekeys' (already loaded).
Package hobsub Info: Skipping package `pdftexcmds' (already loaded).
Package: pdfescape 2011/11/25 v1.13 Implements pdfTeX's escape features (HO)
Package: bigintcalc 2012/04/08 v1.3 Expandable calculations on big integers (HO
)
Package: bitset 2011/01/30 v1.1 Handle bit-vector datatype (HO)
Package: uniquecounter 2011/01/30 v1.2 Provide unlimited unique counter (HO)
)
Package hobsub Info: Skipping package `hobsub' (already loaded).
Package: letltxmacro 2010/09/02 v1.4 Let assignment for LaTeX macros (HO)
Package: hopatch 2011/06/24 v1.1 Wrapper for package hooks (HO)
Package: xcolor-patch 2011/01/30 xcolor patch
Package: atveryend 2011/06/30 v1.8 Hooks at the very end of document (HO)
Package atveryend Info: \enddocument detected (standard20110627).
Package: atbegshi 2011/10/05 v1.16 At begin shipout hook (HO)
Package: refcount 2011/10/16 v3.4 Data extraction from label references (HO)
Package: hycolor 2011/01/30 v1.7 Color options for hyperref/bookmark (HO)
) (C:\Users\Tortopus\Desktop\Full_TeX\texmf\tex\latex\oberdiek\auxhook.sty
Package: auxhook 2011/03/04 v1.3 Hooks for auxiliary files (HO)
)
\@linkdim=\dimen142
\Hy@linkcounter=\count117
\Hy@pagecounter=\count118

(C:\Users\Tortopus\Desktop\Full_TeX\texmf\tex\latex\hyperref\pd1enc.def
File: pd1enc.def 2012/11/06 v6.83m Hyperref: PDFDocEncoding definition (HO)
)
\Hy@SavedSpaceFactor=\count119
Package hyperref Info: Option `unicode' set `true' on input line 3411.

(C:\Users\Tortopus\Desktop\Full_TeX\texmf\tex\latex\hyperref\puenc.def
File: puenc.def 2012/11/06 v6.83m Hyperref: PDF Unicode definition (HO)
)
(C:\Users\Tortopus\Desktop\Full_TeX\texmf\tex\latex\00miktex\hyperref.cfg
File: hyperref.cfg 2002/06/06 v1.2 hyperref configuration of TeXLive
)
Package hyperref Info: Hyper figures OFF on input line 4443.
Package hyperref Info: Link nesting OFF on input line 4448.
Package hyperref Info: Hyper index ON on input line 4451.
Package hyperref Info: Plain pages OFF on input line 4458.
Package hyperref Info: Backreferencing OFF on input line 4463.
Package hyperref Info: Implicit mode ON; LaTeX internals redefined.
Package hyperref Info: Bookmarks ON on input line 4688.
\c@Hy@tempcnt=\count120

(C:\Users\Tortopus\Desktop\Full_TeX\texmf\tex\latex\url\url.sty
\Urlmuskip=\muskip11
Package: url 2006/04/12  ver 3.3  Verb mode for urls, etc.
)
LaTeX Info: Redefining \url on input line 5041.
\XeTeXLinkMargin=\dimen143
\Fld@menulength=\count121
\Field@Width=\dimen144
\Fld@charsize=\dimen145
Package hyperref Info: Hyper figures OFF on input line 6295.
Package hyperref Info: Link nesting OFF on input line 6300.
Package hyperref Info: Hyper index ON on input line 6303.
Package hyperref Info: backreferencing OFF on input line 6310.
Package hyperref Info: Link coloring OFF on input line 6315.
Package hyperref Info: Link coloring with OCG OFF on input line 6320.
Package hyperref Info: PDF/A mode OFF on input line 6325.
LaTeX Info: Redefining \ref on input line 6365.
LaTeX Info: Redefining \pageref on input line 6369.
\Hy@abspage=\count122
\c@Item=\count123
\c@Hfootnote=\count124
)

Package hyperref Message: Driver (autodetected): hpdftex.

(C:\Users\Tortopus\Desktop\Full_TeX\texmf\tex\latex\hyperref\hpdftex.def
File: hpdftex.def 2012/11/06 v6.83m Hyperref driver for pdfTeX
\Fld@listcount=\count125
\c@bookmark@seq@number=\count126

(C:\Users\Tortopus\Desktop\Full_TeX\texmf\tex\latex\oberdiek\rerunfilecheck.sty
Package: rerunfilecheck 2011/04/15 v1.7 Rerun checks for auxiliary files (HO)
Package uniquecounter Info: New unique counter `rerunfilecheck' on input line 2
82.
)
\Hy@SectionHShift=\skip47
) (C:\!repositories\diploma\tex\fancyhdr.sty
\fancy@headwidth=\skip48
\f@ncyO@elh=\skip49
\f@ncyO@erh=\skip50
\f@ncyO@olh=\skip51
\f@ncyO@orh=\skip52
\f@ncyO@elf=\skip53
\f@ncyO@erf=\skip54
\f@ncyO@olf=\skip55
\f@ncyO@orf=\skip56
)
\c@aptablen=\count127
\c@apfign=\count128
)

LaTeX Warning: Unused global option(s):
    [twosided].

(C:\!repositories\diploma\tex\diploma.aux
LaTeX Font Info:    Try loading font information for T2A+cmr on input line 20.

(C:\Users\Tortopus\Desktop\Full_TeX\texmf\tex\latex\cyrillic\t2acmr.fd
File: t2acmr.fd 2001/08/11 v1.0a Computer Modern Cyrillic font definitions
)

LaTeX Warning: Label `Book' multiply defined.

)
LaTeX Font Info:    Checking defaults for OML/cmm/m/it on input line 6.
LaTeX Font Info:    ... okay on input line 6.
LaTeX Font Info:    Checking defaults for T1/cmr/m/n on input line 6.
LaTeX Font Info:    ... okay on input line 6.
LaTeX Font Info:    Checking defaults for OT1/cmr/m/n on input line 6.
LaTeX Font Info:    ... okay on input line 6.
LaTeX Font Info:    Checking defaults for OMS/cmsy/m/n on input line 6.
LaTeX Font Info:    ... okay on input line 6.
LaTeX Font Info:    Checking defaults for OMX/cmex/m/n on input line 6.
LaTeX Font Info:    ... okay on input line 6.
LaTeX Font Info:    Checking defaults for U/cmr/m/n on input line 6.
LaTeX Font Info:    ... okay on input line 6.
LaTeX Font Info:    Checking defaults for T2A/cmr/m/n on input line 6.
LaTeX Font Info:    ... okay on input line 6.
LaTeX Font Info:    Checking defaults for PD1/pdf/m/n on input line 6.
LaTeX Font Info:    ... okay on input line 6.
LaTeX Font Info:    Checking defaults for PU/pdf/m/n on input line 6.
LaTeX Font Info:    ... okay on input line 6.
LaTeX Font Info:    Try loading font information for OT1+ftm on input line 6.
 (C:\Users\Tortopus\Desktop\Full_TeX\localtexmf\tex\latex\pscyr\ot1ftm.fd
File: ot1ftm.fd 2001/12/09 Fontinst v1.914 font definitions for OT1/ftm.
)
LaTeX Font Info:    Try loading font information for T2A+ftm on input line 6.

(C:\Users\Tortopus\Desktop\Full_TeX\localtexmf\tex\latex\pscyr\t2aftm.fd
File: t2aftm.fd 2001/12/09 Fontinst v1.914 font definitions for T2A/ftm.
)
*geometry* driver: auto-detecting
*geometry* detected driver: pdftex
*geometry* verbose mode - [ preamble ] result:
* driver: pdftex
* paper: a4paper
* layout: <same size as paper>
* layoutoffset:(h,v)=(0.0pt,0.0pt)
* modes: 
* h-part:(L,W,R)=(85.35826pt, 469.47049pt, 42.67912pt)
* v-part:(T,H,B)=(56.9055pt, 731.23584pt, 56.9055pt)
* \paperwidth=597.50787pt
* \paperheight=845.04684pt
* \textwidth=469.47049pt
* \textheight=731.23584pt
* \oddsidemargin=13.08827pt
* \evensidemargin=13.08827pt
* \topmargin=-54.36449pt
* \headheight=14.0pt
* \headsep=25.0pt
* \topskip=14.0pt
* \footskip=30.0pt
* \marginparwidth=15.0pt
* \marginparsep=10.0pt
* \columnsep=10.0pt
* \skip\footins=12.0pt plus 4.0pt minus 2.0pt
* \hoffset=0.0pt
* \voffset=0.0pt
* \mag=1000
* \@twocolumnfalse
* \@twosidefalse
* \@mparswitchfalse
* \@reversemarginfalse
* (1in=72.27pt=25.4mm, 1cm=28.453pt)

(C:\Users\Tortopus\Desktop\Full_TeX\texmf\tex\context\base\supp-pdf.mkii
[Loading MPS to PDF converter (version 2006.09.02).]
\scratchcounter=\count129
\scratchdimen=\dimen146
\scratchbox=\box29
\nofMPsegments=\count130
\nofMParguments=\count131
\everyMPshowfont=\toks26
\MPscratchCnt=\count132
\MPscratchDim=\dimen147
\MPnumerator=\count133
\makeMPintoPDFobject=\count134
\everyMPtoPDFconversion=\toks27
)
Package caption Info: Begin \AtBeginDocument code.
Package caption Info: hyperref package is loaded.
Package caption Info: End \AtBeginDocument code.
\AtBeginShipoutBox=\box30
Package hyperref Info: Link coloring OFF on input line 6.
 (C:\Users\Tortopus\Desktop\Full_TeX\texmf\tex\latex\hyperref\nameref.sty
Package: nameref 2012/10/27 v2.43 Cross-referencing by name of section

(C:\Users\Tortopus\Desktop\Full_TeX\texmf\tex\generic\oberdiek\gettitlestring.s
ty
Package: gettitlestring 2010/12/03 v1.4 Cleanup title references (HO)
)
\c@section@level=\count135
)
LaTeX Info: Redefining \ref on input line 6.
LaTeX Info: Redefining \pageref on input line 6.
LaTeX Info: Redefining \nameref on input line 6.
 (C:\!repositories\diploma\tex\diploma.out)
(C:\!repositories\diploma\tex\diploma.out)
\@outlinefile=\write3

(C:\!repositories\diploma\tex\title.tex
LaTeX Font Info:    Try loading font information for T2A+cmtt on input line 9.

(C:\Users\Tortopus\Desktop\Full_TeX\texmf\tex\latex\cyrillic\t2acmtt.fd
File: t2acmtt.fd 2001/08/11 v1.0a Computer Modern Cyrillic font definitions
)
LaTeX Font Info:    Try loading font information for U+msa on input line 9.

(C:\Users\Tortopus\Desktop\Full_TeX\texmf\tex\latex\amsfonts\umsa.fd
File: umsa.fd 2013/01/14 v3.01 AMS symbols A
)
LaTeX Font Info:    Try loading font information for U+msb on input line 9.

(C:\Users\Tortopus\Desktop\Full_TeX\texmf\tex\latex\amsfonts\umsb.fd
File: umsb.fd 2013/01/14 v3.01 AMS symbols B
)
Overfull \hbox (31.73595pt too wide) in paragraph at lines 6--17
[][]$[]$ $[]$ 
 []

)
Overfull \hbox (31.73595pt too wide) in paragraph at lines 32--9
[][]$[]$ $[]$
 []


Underfull \hbox (badness 10000) in paragraph at lines 32--9

 []

[1

{C:/Users/Tortopus/Desktop/Full_TeX/texmf/pdftex/config/pdftex.map}]
(C:\!repositories\diploma\tex\summary.tex) [2]
(C:\!repositories\diploma\tex\diploma.toc [3])
\tf@toc=\write4
 [4] [5]
LaTeX Font Info:    Try loading font information for OMS+ftm on input line 36.
LaTeX Font Info:    No file OMSftm.fd. on input line 36.


LaTeX Font Warning: Font shape `OMS/ftm/m/n' undefined
(Font)              using `OMS/cmsy/m/n' instead
(Font)              for symbol `textbullet' on input line 36.

[6]
Overfull \hbox (13.61852pt too wide) in paragraph at lines 42--43
[][]\T2A/ftm/m/n/14.4 Аналог при-ви-ле-ги-ро-ван-ных ак-ций  ак-ция учре-ди-те
ль-ская (ан-гл. founders
 []

[7] [8] [9]
Overfull \hbox (33.36607pt too wide) in paragraph at lines 96--97
[][]\T2A/ftm/m/n/14.4 HtmlAgilityPack. Дан-ный па-кет поз-во-ля-ет по-лу-чать h
tml-код веб-страницы
 []

<images/git.PNG, id=220, 447.92343pt x 283.0575pt>
File: images/git.PNG Graphic file (type png)
 <use images/git.PNG>
Package pdftex.def Info: images/git.PNG used on input line 111.
(pdftex.def)             Requested size: 375.57782pt x 237.3477pt.


LaTeX Warning: `h' float specifier changed to `ht'.

[10] [11 <C:/!repositories/diploma/tex/images/git.PNG>]
<images/algorithm.PNG, id=232, 121.45375pt x 573.14125pt>
File: images/algorithm.PNG Graphic file (type png)

<use images/algorithm.PNG>
Package pdftex.def Info: images/algorithm.PNG used on input line 142.
(pdftex.def)             Requested size: 79.80911pt x 376.61276pt.
 [12 <C:/!repositories/diploma/tex/images/algorithm.PNG>] <images/PredictorFact
oryUml.PNG, id=242, 693.59125pt x 324.21124pt>
File: images/PredictorFactoryUml.PNG Graphic file (type png)

<use images/PredictorFactoryUml.PNG>
Package pdftex.def Info: images/PredictorFactoryUml.PNG used on input line 155.

(pdftex.def)             Requested size: 469.47049pt x 219.45647pt.
 [13 <C:/!repositories/diploma/tex/images/PredictorFactoryUml.PNG>] [14]
Overfull \hbox (28.59613pt too wide) in paragraph at lines 188--189
\T2A/ftm/m/n/14.4 про-шед-ших ко-ти-ро-вок ва-лют-ной па-ры, ана-ли-за ли-ний с
о-про-тив-ле-ния/поддержки
 []


Overfull \hbox (7.06673pt too wide) in paragraph at lines 202--203
[][]\T2A/ftm/m/n/14.4 Авторегрессионное сколь-зя-щее сред-нее (ARMA), так-же на
-зы-ва-е-мая ино-
 []

[15]

LaTeX Warning: Command \cyrs invalid in math mode on input line 204.

Missing character: There is no с in font cmr12!

Overfull \hbox (7.10994pt too wide) in paragraph at lines 228--229
[][]\T2A/ftm/m/n/14.4 Отметим, что су-ще-ству-ет несколь-ко ва-ри-ан-тов ба-зо-
во-го ал-го-рит-ма, здесь
 []

[16] [17]
Overfull \hbox (2.01215pt too wide) in paragraph at lines 257--258
[][]\T2A/ftm/m/n/14.4 Таким об-ра-зом, про-це-ду-ра "Гу-се-ни-ца"порождает на-б
ор ли-ней-ных филь-
 []

[18] [19] <images/analitycsAlgorithm.PNG, id=288, 382.42876pt x 703.62875pt>
File: images/analitycsAlgorithm.PNG Graphic file (type png)

<use images/analitycsAlgorithm.PNG>
Package pdftex.def Info: images/analitycsAlgorithm.PNG used on input line 291.
(pdftex.def)             Requested size: 234.73524pt x 431.88629pt.
 [20 <C:/!repositories/diploma/tex/images/analitycsAlgorithm.PNG>] (C:\!reposit
ories\diploma\tex\biblio.tex [21]
Underfull \hbox (badness 10000) in paragraph at lines 6--7
[][]\T2A/ftm/m/n/14.4 GitHub.com, до-ступ: 2. https://github.com/zzzprojects/ht
ml-agility-
 []

)
Package atveryend Info: Empty hook `BeforeClearDocument' on input line 310.
 [22pdfTeX warning (ext4): destination with the same identifier (name{cite.Book
}) has been already used, duplicate ignored

\AtBegShi@Output ...ipout \box \AtBeginShipoutBox 
                                                  \fi \fi 
l.310 \end{document}
                    ]
Package atveryend Info: Empty hook `AfterLastShipout' on input line 310.
 (C:\!repositories\diploma\tex\diploma.aux)
Package atveryend Info: Executing hook `AtVeryEndDocument' on input line 310.
Package atveryend Info: Executing hook `AtEndAfterFileList' on input line 310.
Package rerunfilecheck Info: File `diploma.out' has not changed.
(rerunfilecheck)             Checksum: 4141D04145480B6EBBBA646C92F9810A;9409.


LaTeX Font Warning: Some font shapes were not available, defaults substituted.


LaTeX Warning: There were multiply-defined labels.

Package atveryend Info: Empty hook `AtVeryVeryEnd' on input line 310.
 ) 
Here is how much of TeX's memory you used:
 12312 strings out of 493921
 178887 string characters out of 3150556
 248782 words of memory out of 3000000
 15346 multiletter control sequences out of 15000+200000
 14431 words of font info for 36 fonts, out of 3000000 for 9000
 841 hyphenation exceptions out of 8191
 49i,10n,45p,1186b,586s stack positions out of 5000i,500n,10000p,200000b,50000s
pdfTeX warning (dest): name{section*.10} has been referenced but does not exi
st, replaced by a fixed one

pdfTeX warning (dest): name{section*.8} has been referenced but does not exist,
 replaced by a fixed one

pdfTeX warning (dest): name{section*.5} has been referenced but does not exist,
 replaced by a fixed one

pdfTeX warning (dest): name{section*.3} has been referenced but does not exist,
 replaced by a fixed one

pdfTeX warning (dest): name{section*.2} has been referenced but does not exist,
 replaced by a fixed one

{C:/Users/Tortopus/Desktop/Full_TeX/texmf/fonts/enc/t2/t2a.enc}{C:/Users/Tortop
us/Desktop/Full_TeX/texmf/fonts/enc/dvips/cm-super/cm-super-t2a.enc}<C:/Users/T
ortopus/Desktop/Full_TeX/texmf/fonts/type1/public/amsfonts/cm/cmex10.pfb><C:/Us
ers/Tortopus/Desktop/Full_TeX/texmf/fonts/type1/public/amsfonts/cm/cmmi10.pfb><
C:/Users/Tortopus/Desktop/Full_TeX/texmf/fonts/type1/public/amsfonts/cm/cmmi12.
pfb><C:/Users/Tortopus/Desktop/Full_TeX/texmf/fonts/type1/public/amsfonts/cm/cm
r10.pfb><C:/Users/Tortopus/Desktop/Full_TeX/texmf/fonts/type1/public/amsfonts/c
m/cmr12.pfb><C:/Users/Tortopus/Desktop/Full_TeX/texmf/fonts/type1/public/amsfon
ts/cm/cmsy10.pfb><C:/Users/Tortopus/Desktop/Full_TeX/texmf/fonts/type1/public/c
m-super/sftt1440.pfb><C:/Users/Tortopus/Desktop/Full_TeX/localtexmf/fonts/type1
/public/pscyr/times.pfb><C:/Users/Tortopus/Desktop/Full_TeX/localtexmf/fonts/ty
pe1/public/pscyr/timesbd.pfb><C:/Users/Tortopus/Desktop/Full_TeX/localtexmf/fon
ts/type1/public/pscyr/timesbi.pfb>
Output written on diploma.pdf (22 pages, 279133 bytes).
PDF statistics:
 360 PDF objects out of 1000 (max. 8388607)
 81 named destinations out of 1000 (max. 500000)
 277 words of extra memory for PDF output out of 10000 (max. 10000000)

